[2020-09-12 02:14:00] production.ERROR: file_get_contents(/home/kassem/Desktop/diam/php/laravel/s-cart-master/.env): failed to open stream: No such file or directory {"exception":"[object] (ErrorException(code: 0): file_get_contents(/home/kassem/Desktop/diam/php/laravel/s-cart-master/.env): failed to open stream: No such file or directory at /home/kassem/Desktop/diam/php/laravel/s-cart-master/vendor/laravel/framework/src/Illuminate/Foundation/Console/KeyGenerateCommand.php:96)
[stacktrace]
#0 [internal function]: Illuminate\\Foundation\\Bootstrap\\HandleExceptions->handleError()
#1 /home/kassem/Desktop/diam/php/laravel/s-cart-master/vendor/laravel/framework/src/Illuminate/Foundation/Console/KeyGenerateCommand.php(96): file_get_contents()
#2 /home/kassem/Desktop/diam/php/laravel/s-cart-master/vendor/laravel/framework/src/Illuminate/Foundation/Console/KeyGenerateCommand.php(80): Illuminate\\Foundation\\Console\\KeyGenerateCommand->writeNewEnvironmentFileWith()
#3 /home/kassem/Desktop/diam/php/laravel/s-cart-master/vendor/laravel/framework/src/Illuminate/Foundation/Console/KeyGenerateCommand.php(45): Illuminate\\Foundation\\Console\\KeyGenerateCommand->setKeyInEnvironmentFile()
#4 [internal function]: Illuminate\\Foundation\\Console\\KeyGenerateCommand->handle()
#5 /home/kassem/Desktop/diam/php/laravel/s-cart-master/vendor/laravel/framework/src/Illuminate/Container/BoundMethod.php(37): call_user_func_array()
#6 /home/kassem/Desktop/diam/php/laravel/s-cart-master/vendor/laravel/framework/src/Illuminate/Container/Util.php(37): Illuminate\\Container\\BoundMethod::Illuminate\\Container\\{closure}()
#7 /home/kassem/Desktop/diam/php/laravel/s-cart-master/vendor/laravel/framework/src/Illuminate/Container/BoundMethod.php(95): Illuminate\\Container\\Util::unwrapIfClosure()
#8 /home/kassem/Desktop/diam/php/laravel/s-cart-master/vendor/laravel/framework/src/Illuminate/Container/BoundMethod.php(39): Illuminate\\Container\\BoundMethod::callBoundMethod()
#9 /home/kassem/Desktop/diam/php/laravel/s-cart-master/vendor/laravel/framework/src/Illuminate/Container/Container.php(596): Illuminate\\Container\\BoundMethod::call()
#10 /home/kassem/Desktop/diam/php/laravel/s-cart-master/vendor/laravel/framework/src/Illuminate/Console/Command.php(134): Illuminate\\Container\\Container->call()
#11 /home/kassem/Desktop/diam/php/laravel/s-cart-master/vendor/symfony/console/Command/Command.php(258): Illuminate\\Console\\Command->execute()
#12 /home/kassem/Desktop/diam/php/laravel/s-cart-master/vendor/laravel/framework/src/Illuminate/Console/Command.php(121): Symfony\\Component\\Console\\Command\\Command->run()
#13 /home/kassem/Desktop/diam/php/laravel/s-cart-master/vendor/symfony/console/Application.php(911): Illuminate\\Console\\Command->run()
#14 /home/kassem/Desktop/diam/php/laravel/s-cart-master/vendor/symfony/console/Application.php(264): Symfony\\Component\\Console\\Application->doRunCommand()
#15 /home/kassem/Desktop/diam/php/laravel/s-cart-master/vendor/symfony/console/Application.php(140): Symfony\\Component\\Console\\Application->doRun()
#16 /home/kassem/Desktop/diam/php/laravel/s-cart-master/vendor/laravel/framework/src/Illuminate/Console/Application.php(93): Symfony\\Component\\Console\\Application->run()
#17 /home/kassem/Desktop/diam/php/laravel/s-cart-master/vendor/laravel/framework/src/Illuminate/Foundation/Console/Kernel.php(129): Illuminate\\Console\\Application->run()
#18 /home/kassem/Desktop/diam/php/laravel/s-cart-master/artisan(37): Illuminate\\Foundation\\Console\\Kernel->handle()
#19 {main}
"} 
[2020-09-12 02:23:56] local.ERROR: Target class [DataShopeSeeder] does not exist. {"exception":"[object] (Illuminate\\Contracts\\Container\\BindingResolutionException(code: 0): Target class [DataShopeSeeder] does not exist. at /home/kassem/Desktop/diam/php/laravel/s-cart-master/vendor/laravel/framework/src/Illuminate/Container/Container.php:811)
[stacktrace]
#0 /home/kassem/Desktop/diam/php/laravel/s-cart-master/vendor/laravel/framework/src/Illuminate/Container/Container.php(691): Illuminate\\Container\\Container->build()
#1 /home/kassem/Desktop/diam/php/laravel/s-cart-master/vendor/laravel/framework/src/Illuminate/Foundation/Application.php(796): Illuminate\\Container\\Container->resolve()
#2 /home/kassem/Desktop/diam/php/laravel/s-cart-master/vendor/laravel/framework/src/Illuminate/Container/Container.php(637): Illuminate\\Foundation\\Application->resolve()
#3 /home/kassem/Desktop/diam/php/laravel/s-cart-master/vendor/laravel/framework/src/Illuminate/Foundation/Application.php(781): Illuminate\\Container\\Container->make()
#4 /home/kassem/Desktop/diam/php/laravel/s-cart-master/vendor/laravel/framework/src/Illuminate/Database/Console/Seeds/SeedCommand.php(84): Illuminate\\Foundation\\Application->make()
#5 /home/kassem/Desktop/diam/php/laravel/s-cart-master/vendor/laravel/framework/src/Illuminate/Database/Console/Seeds/SeedCommand.php(65): Illuminate\\Database\\Console\\Seeds\\SeedCommand->getSeeder()
#6 /home/kassem/Desktop/diam/php/laravel/s-cart-master/vendor/laravel/framework/src/Illuminate/Database/Eloquent/Concerns/GuardsAttributes.php(155): Illuminate\\Database\\Console\\Seeds\\SeedCommand->Illuminate\\Database\\Console\\Seeds\\{closure}()
#7 /home/kassem/Desktop/diam/php/laravel/s-cart-master/vendor/laravel/framework/src/Illuminate/Database/Console/Seeds/SeedCommand.php(66): Illuminate\\Database\\Eloquent\\Model::unguarded()
#8 [internal function]: Illuminate\\Database\\Console\\Seeds\\SeedCommand->handle()
#9 /home/kassem/Desktop/diam/php/laravel/s-cart-master/vendor/laravel/framework/src/Illuminate/Container/BoundMethod.php(37): call_user_func_array()
#10 /home/kassem/Desktop/diam/php/laravel/s-cart-master/vendor/laravel/framework/src/Illuminate/Container/Util.php(37): Illuminate\\Container\\BoundMethod::Illuminate\\Container\\{closure}()
#11 /home/kassem/Desktop/diam/php/laravel/s-cart-master/vendor/laravel/framework/src/Illuminate/Container/BoundMethod.php(95): Illuminate\\Container\\Util::unwrapIfClosure()
#12 /home/kassem/Desktop/diam/php/laravel/s-cart-master/vendor/laravel/framework/src/Illuminate/Container/BoundMethod.php(39): Illuminate\\Container\\BoundMethod::callBoundMethod()
#13 /home/kassem/Desktop/diam/php/laravel/s-cart-master/vendor/laravel/framework/src/Illuminate/Container/Container.php(596): Illuminate\\Container\\BoundMethod::call()
#14 /home/kassem/Desktop/diam/php/laravel/s-cart-master/vendor/laravel/framework/src/Illuminate/Console/Command.php(134): Illuminate\\Container\\Container->call()
#15 /home/kassem/Desktop/diam/php/laravel/s-cart-master/vendor/symfony/console/Command/Command.php(258): Illuminate\\Console\\Command->execute()
#16 /home/kassem/Desktop/diam/php/laravel/s-cart-master/vendor/laravel/framework/src/Illuminate/Console/Command.php(121): Symfony\\Component\\Console\\Command\\Command->run()
#17 /home/kassem/Desktop/diam/php/laravel/s-cart-master/vendor/symfony/console/Application.php(911): Illuminate\\Console\\Command->run()
#18 /home/kassem/Desktop/diam/php/laravel/s-cart-master/vendor/symfony/console/Application.php(264): Symfony\\Component\\Console\\Application->doRunCommand()
#19 /home/kassem/Desktop/diam/php/laravel/s-cart-master/vendor/symfony/console/Application.php(140): Symfony\\Component\\Console\\Application->doRun()
#20 /home/kassem/Desktop/diam/php/laravel/s-cart-master/vendor/laravel/framework/src/Illuminate/Console/Application.php(93): Symfony\\Component\\Console\\Application->run()
#21 /home/kassem/Desktop/diam/php/laravel/s-cart-master/vendor/laravel/framework/src/Illuminate/Foundation/Console/Kernel.php(129): Illuminate\\Console\\Application->run()
#22 /home/kassem/Desktop/diam/php/laravel/s-cart-master/artisan(37): Illuminate\\Foundation\\Console\\Kernel->handle()
#23 {main}

[previous exception] [object] (ReflectionException(code: -1): Class DataShopeSeeder does not exist at /home/kassem/Desktop/diam/php/laravel/s-cart-master/vendor/laravel/framework/src/Illuminate/Container/Container.php:809)
[stacktrace]
#0 /home/kassem/Desktop/diam/php/laravel/s-cart-master/vendor/laravel/framework/src/Illuminate/Container/Container.php(809): ReflectionClass->__construct()
#1 /home/kassem/Desktop/diam/php/laravel/s-cart-master/vendor/laravel/framework/src/Illuminate/Container/Container.php(691): Illuminate\\Container\\Container->build()
#2 /home/kassem/Desktop/diam/php/laravel/s-cart-master/vendor/laravel/framework/src/Illuminate/Foundation/Application.php(796): Illuminate\\Container\\Container->resolve()
#3 /home/kassem/Desktop/diam/php/laravel/s-cart-master/vendor/laravel/framework/src/Illuminate/Container/Container.php(637): Illuminate\\Foundation\\Application->resolve()
#4 /home/kassem/Desktop/diam/php/laravel/s-cart-master/vendor/laravel/framework/src/Illuminate/Foundation/Application.php(781): Illuminate\\Container\\Container->make()
#5 /home/kassem/Desktop/diam/php/laravel/s-cart-master/vendor/laravel/framework/src/Illuminate/Database/Console/Seeds/SeedCommand.php(84): Illuminate\\Foundation\\Application->make()
#6 /home/kassem/Desktop/diam/php/laravel/s-cart-master/vendor/laravel/framework/src/Illuminate/Database/Console/Seeds/SeedCommand.php(65): Illuminate\\Database\\Console\\Seeds\\SeedCommand->getSeeder()
#7 /home/kassem/Desktop/diam/php/laravel/s-cart-master/vendor/laravel/framework/src/Illuminate/Database/Eloquent/Concerns/GuardsAttributes.php(155): Illuminate\\Database\\Console\\Seeds\\SeedCommand->Illuminate\\Database\\Console\\Seeds\\{closure}()
#8 /home/kassem/Desktop/diam/php/laravel/s-cart-master/vendor/laravel/framework/src/Illuminate/Database/Console/Seeds/SeedCommand.php(66): Illuminate\\Database\\Eloquent\\Model::unguarded()
#9 [internal function]: Illuminate\\Database\\Console\\Seeds\\SeedCommand->handle()
#10 /home/kassem/Desktop/diam/php/laravel/s-cart-master/vendor/laravel/framework/src/Illuminate/Container/BoundMethod.php(37): call_user_func_array()
#11 /home/kassem/Desktop/diam/php/laravel/s-cart-master/vendor/laravel/framework/src/Illuminate/Container/Util.php(37): Illuminate\\Container\\BoundMethod::Illuminate\\Container\\{closure}()
#12 /home/kassem/Desktop/diam/php/laravel/s-cart-master/vendor/laravel/framework/src/Illuminate/Container/BoundMethod.php(95): Illuminate\\Container\\Util::unwrapIfClosure()
#13 /home/kassem/Desktop/diam/php/laravel/s-cart-master/vendor/laravel/framework/src/Illuminate/Container/BoundMethod.php(39): Illuminate\\Container\\BoundMethod::callBoundMethod()
#14 /home/kassem/Desktop/diam/php/laravel/s-cart-master/vendor/laravel/framework/src/Illuminate/Container/Container.php(596): Illuminate\\Container\\BoundMethod::call()
#15 /home/kassem/Desktop/diam/php/laravel/s-cart-master/vendor/laravel/framework/src/Illuminate/Console/Command.php(134): Illuminate\\Container\\Container->call()
#16 /home/kassem/Desktop/diam/php/laravel/s-cart-master/vendor/symfony/console/Command/Command.php(258): Illuminate\\Console\\Command->execute()
#17 /home/kassem/Desktop/diam/php/laravel/s-cart-master/vendor/laravel/framework/src/Illuminate/Console/Command.php(121): Symfony\\Component\\Console\\Command\\Command->run()
#18 /home/kassem/Desktop/diam/php/laravel/s-cart-master/vendor/symfony/console/Application.php(911): Illuminate\\Console\\Command->run()
#19 /home/kassem/Desktop/diam/php/laravel/s-cart-master/vendor/symfony/console/Application.php(264): Symfony\\Component\\Console\\Application->doRunCommand()
#20 /home/kassem/Desktop/diam/php/laravel/s-cart-master/vendor/symfony/console/Application.php(140): Symfony\\Component\\Console\\Application->doRun()
#21 /home/kassem/Desktop/diam/php/laravel/s-cart-master/vendor/laravel/framework/src/Illuminate/Console/Application.php(93): Symfony\\Component\\Console\\Application->run()
#22 /home/kassem/Desktop/diam/php/laravel/s-cart-master/vendor/laravel/framework/src/Illuminate/Foundation/Console/Kernel.php(129): Illuminate\\Console\\Application->run()
#23 /home/kassem/Desktop/diam/php/laravel/s-cart-master/artisan(37): Illuminate\\Foundation\\Console\\Kernel->handle()
#24 {main}
"} 
